2021-07-17 17:44:19.673  INFO 19124 --- [restartedMain] c.example.KafkaAvroConsumerApplication   : Starting KafkaAvroConsumerApplication using Java 11.0.4 on Balaji with PID 19124 (C:\117170\Learning\Avro\learn\kafka-avro-consumer\target\classes started by vbala in C:\117170\Learning\Avro\learn\kafka-avro-consumer)
2021-07-17 17:44:19.676  INFO 19124 --- [restartedMain] c.example.KafkaAvroConsumerApplication   : No active profile set, falling back to default profiles: default
2021-07-17 17:44:19.727  INFO 19124 --- [restartedMain] .e.DevToolsPropertyDefaultsPostProcessor : Devtools property defaults active! Set 'spring.devtools.add-properties' to 'false' to disable
2021-07-17 17:44:19.728  INFO 19124 --- [restartedMain] .e.DevToolsPropertyDefaultsPostProcessor : For additional web related logging consider setting the 'logging.level.web' property to 'DEBUG'
2021-07-17 17:44:20.474  INFO 19124 --- [restartedMain] .s.d.r.c.RepositoryConfigurationDelegate : Bootstrapping Spring Data JPA repositories in DEFAULT mode.
2021-07-17 17:44:20.497  INFO 19124 --- [restartedMain] .s.d.r.c.RepositoryConfigurationDelegate : Finished Spring Data repository scanning in 11 ms. Found 0 JPA repository interfaces.
2021-07-17 17:44:21.076  INFO 19124 --- [restartedMain] o.s.b.w.embedded.tomcat.TomcatWebServer  : Tomcat initialized with port(s): 8080 (http)
2021-07-17 17:44:21.085  INFO 19124 --- [restartedMain] o.apache.catalina.core.StandardService   : Starting service [Tomcat]
2021-07-17 17:44:21.086  INFO 19124 --- [restartedMain] org.apache.catalina.core.StandardEngine  : Starting Servlet engine: [Apache Tomcat/9.0.48]
2021-07-17 17:44:21.178  INFO 19124 --- [restartedMain] o.a.c.c.C.[Tomcat].[localhost].[/]       : Initializing Spring embedded WebApplicationContext
2021-07-17 17:44:21.178  INFO 19124 --- [restartedMain] w.s.c.ServletWebServerApplicationContext : Root WebApplicationContext: initialization completed in 1449 ms
2021-07-17 17:44:21.206  INFO 19124 --- [restartedMain] com.zaxxer.hikari.HikariDataSource       : HikariPool-1 - Starting...
2021-07-17 17:44:21.340  INFO 19124 --- [restartedMain] com.zaxxer.hikari.HikariDataSource       : HikariPool-1 - Start completed.
2021-07-17 17:44:21.345  INFO 19124 --- [restartedMain] o.s.b.a.h2.H2ConsoleAutoConfiguration    : H2 console available at '/h2-console'. Database available at 'jdbc:h2:mem:ca01c5c4-391d-4a3e-9294-27ac5ef8246c'
2021-07-17 17:44:21.482  INFO 19124 --- [restartedMain] o.hibernate.jpa.internal.util.LogHelper  : HHH000204: Processing PersistenceUnitInfo [name: default]
2021-07-17 17:44:21.534  INFO 19124 --- [restartedMain] org.hibernate.Version                    : HHH000412: Hibernate ORM core version 5.4.32.Final
2021-07-17 17:44:21.655  INFO 19124 --- [restartedMain] o.hibernate.annotations.common.Version   : HCANN000001: Hibernate Commons Annotations {5.1.2.Final}
2021-07-17 17:44:21.754  INFO 19124 --- [restartedMain] org.hibernate.dialect.Dialect            : HHH000400: Using dialect: org.hibernate.dialect.H2Dialect
2021-07-17 17:44:21.921  INFO 19124 --- [restartedMain] o.h.e.t.j.p.i.JtaPlatformInitiator       : HHH000490: Using JtaPlatform implementation: [org.hibernate.engine.transaction.jta.platform.internal.NoJtaPlatform]
2021-07-17 17:44:21.930  INFO 19124 --- [restartedMain] j.LocalContainerEntityManagerFactoryBean : Initialized JPA EntityManagerFactory for persistence unit 'default'
2021-07-17 17:44:21.978  WARN 19124 --- [restartedMain] JpaBaseConfiguration$JpaWebConfiguration : spring.jpa.open-in-view is enabled by default. Therefore, database queries may be performed during view rendering. Explicitly configure spring.jpa.open-in-view to disable this warning
2021-07-17 17:44:22.337  INFO 19124 --- [restartedMain] o.s.b.d.a.OptionalLiveReloadServer       : LiveReload server is running on port 35729
2021-07-17 17:44:22.416  INFO 19124 --- [restartedMain] o.a.k.clients.consumer.ConsumerConfig    : ConsumerConfig values: 
	allow.auto.create.topics = true
	auto.commit.interval.ms = 5000
	auto.offset.reset = earliest
	bootstrap.servers = [localhost:9092]
	check.crcs = true
	client.dns.lookup = use_all_dns_ips
	client.id = consumer-avro-cg-1
	client.rack = 
	connections.max.idle.ms = 540000
	default.api.timeout.ms = 60000
	enable.auto.commit = false
	exclude.internal.topics = true
	fetch.max.bytes = 52428800
	fetch.max.wait.ms = 500
	fetch.min.bytes = 1
	group.id = avro-cg
	group.instance.id = null
	heartbeat.interval.ms = 3000
	interceptor.classes = []
	internal.leave.group.on.close = true
	internal.throw.on.fetch.stable.offset.unsupported = false
	isolation.level = read_uncommitted
	key.deserializer = class org.apache.kafka.common.serialization.StringDeserializer
	max.partition.fetch.bytes = 1048576
	max.poll.interval.ms = 300000
	max.poll.records = 500
	metadata.max.age.ms = 300000
	metric.reporters = []
	metrics.num.samples = 2
	metrics.recording.level = INFO
	metrics.sample.window.ms = 30000
	partition.assignment.strategy = [class org.apache.kafka.clients.consumer.RangeAssignor]
	receive.buffer.bytes = 65536
	reconnect.backoff.max.ms = 1000
	reconnect.backoff.ms = 50
	request.timeout.ms = 30000
	retry.backoff.ms = 100
	sasl.client.callback.handler.class = null
	sasl.jaas.config = null
	sasl.kerberos.kinit.cmd = /usr/bin/kinit
	sasl.kerberos.min.time.before.relogin = 60000
	sasl.kerberos.service.name = null
	sasl.kerberos.ticket.renew.jitter = 0.05
	sasl.kerberos.ticket.renew.window.factor = 0.8
	sasl.login.callback.handler.class = null
	sasl.login.class = null
	sasl.login.refresh.buffer.seconds = 300
	sasl.login.refresh.min.period.seconds = 60
	sasl.login.refresh.window.factor = 0.8
	sasl.login.refresh.window.jitter = 0.05
	sasl.mechanism = GSSAPI
	security.protocol = PLAINTEXT
	security.providers = null
	send.buffer.bytes = 131072
	session.timeout.ms = 10000
	socket.connection.setup.timeout.max.ms = 127000
	socket.connection.setup.timeout.ms = 10000
	ssl.cipher.suites = null
	ssl.enabled.protocols = [TLSv1.2, TLSv1.3]
	ssl.endpoint.identification.algorithm = https
	ssl.engine.factory.class = null
	ssl.key.password = null
	ssl.keymanager.algorithm = SunX509
	ssl.keystore.certificate.chain = null
	ssl.keystore.key = null
	ssl.keystore.location = null
	ssl.keystore.password = null
	ssl.keystore.type = JKS
	ssl.protocol = TLSv1.3
	ssl.provider = null
	ssl.secure.random.implementation = null
	ssl.trustmanager.algorithm = PKIX
	ssl.truststore.certificates = null
	ssl.truststore.location = null
	ssl.truststore.password = null
	ssl.truststore.type = JKS
	value.deserializer = class io.confluent.kafka.serializers.KafkaAvroDeserializer

2021-07-17 17:44:22.434  INFO 19124 --- [restartedMain] i.c.k.s.KafkaAvroDeserializerConfig      : KafkaAvroDeserializerConfig values: 
	auto.register.schemas = true
	avro.reflection.allow.null = false
	avro.use.logical.type.converters = false
	basic.auth.credentials.source = URL
	basic.auth.user.info = [hidden]
	bearer.auth.credentials.source = STATIC_TOKEN
	bearer.auth.token = [hidden]
	key.subject.name.strategy = class io.confluent.kafka.serializers.subject.TopicNameStrategy
	latest.compatibility.strict = true
	max.schemas.per.subject = 1000
	proxy.host = 
	proxy.port = -1
	schema.reflection = false
	schema.registry.basic.auth.user.info = [hidden]
	schema.registry.ssl.cipher.suites = null
	schema.registry.ssl.enabled.protocols = [TLSv1.2, TLSv1.3]
	schema.registry.ssl.endpoint.identification.algorithm = https
	schema.registry.ssl.engine.factory.class = null
	schema.registry.ssl.key.password = null
	schema.registry.ssl.keymanager.algorithm = SunX509
	schema.registry.ssl.keystore.certificate.chain = null
	schema.registry.ssl.keystore.key = null
	schema.registry.ssl.keystore.location = null
	schema.registry.ssl.keystore.password = null
	schema.registry.ssl.keystore.type = JKS
	schema.registry.ssl.protocol = TLSv1.3
	schema.registry.ssl.provider = null
	schema.registry.ssl.secure.random.implementation = null
	schema.registry.ssl.trustmanager.algorithm = PKIX
	schema.registry.ssl.truststore.certificates = null
	schema.registry.ssl.truststore.location = null
	schema.registry.ssl.truststore.password = null
	schema.registry.ssl.truststore.type = JKS
	schema.registry.url = [http://localhost:8081]
	specific.avro.reader = true
	use.latest.version = false
	value.subject.name.strategy = class io.confluent.kafka.serializers.subject.TopicNameStrategy

2021-07-17 17:44:22.505  INFO 19124 --- [restartedMain] o.a.kafka.common.utils.AppInfoParser     : Kafka version: 2.7.1
2021-07-17 17:44:22.505  INFO 19124 --- [restartedMain] o.a.kafka.common.utils.AppInfoParser     : Kafka commitId: 61dbce85d0d41457
2021-07-17 17:44:22.505  INFO 19124 --- [restartedMain] o.a.kafka.common.utils.AppInfoParser     : Kafka startTimeMs: 1626558262503
2021-07-17 17:44:22.507  INFO 19124 --- [restartedMain] o.a.k.clients.consumer.KafkaConsumer     : [Consumer clientId=consumer-avro-cg-1, groupId=avro-cg] Subscribed to topic(s): sc-avro01
2021-07-17 17:44:22.527  INFO 19124 --- [restartedMain] o.s.b.w.embedded.tomcat.TomcatWebServer  : Tomcat started on port(s): 8080 (http) with context path ''
2021-07-17 17:44:22.536  INFO 19124 --- [restartedMain] c.example.KafkaAvroConsumerApplication   : Started KafkaAvroConsumerApplication in 3.569 seconds (JVM running for 5.383)
2021-07-17 17:44:22.961  INFO 19124 --- [org.springframework.kafka.KafkaListenerEndpointContainer#0-0-C-1] org.apache.kafka.clients.Metadata        : [Consumer clientId=consumer-avro-cg-1, groupId=avro-cg] Cluster ID: NZ1raIOXTxGH-maySsDZvw
2021-07-17 17:44:22.964  INFO 19124 --- [org.springframework.kafka.KafkaListenerEndpointContainer#0-0-C-1] o.a.k.c.c.internals.AbstractCoordinator  : [Consumer clientId=consumer-avro-cg-1, groupId=avro-cg] Discovered group coordinator 127.0.0.1:9092 (id: 2147483646 rack: null)
2021-07-17 17:44:22.968  INFO 19124 --- [org.springframework.kafka.KafkaListenerEndpointContainer#0-0-C-1] o.a.k.c.c.internals.AbstractCoordinator  : [Consumer clientId=consumer-avro-cg-1, groupId=avro-cg] (Re-)joining group
2021-07-17 17:44:22.996  INFO 19124 --- [org.springframework.kafka.KafkaListenerEndpointContainer#0-0-C-1] o.a.k.c.c.internals.AbstractCoordinator  : [Consumer clientId=consumer-avro-cg-1, groupId=avro-cg] (Re-)joining group
2021-07-17 17:44:23.007  INFO 19124 --- [org.springframework.kafka.KafkaListenerEndpointContainer#0-0-C-1] o.a.k.c.c.internals.AbstractCoordinator  : [Consumer clientId=consumer-avro-cg-1, groupId=avro-cg] Successfully joined group with generation Generation{generationId=15, memberId='consumer-avro-cg-1-905ed64b-fab7-4831-bddb-47bc3cb2ad45', protocol='range'}
2021-07-17 17:44:23.010  INFO 19124 --- [org.springframework.kafka.KafkaListenerEndpointContainer#0-0-C-1] o.a.k.c.c.internals.ConsumerCoordinator  : [Consumer clientId=consumer-avro-cg-1, groupId=avro-cg] Finished assignment for group at generation 15: {consumer-avro-cg-1-905ed64b-fab7-4831-bddb-47bc3cb2ad45=Assignment(partitions=[sc-avro01-0])}
2021-07-17 17:44:23.024  INFO 19124 --- [org.springframework.kafka.KafkaListenerEndpointContainer#0-0-C-1] o.a.k.c.c.internals.AbstractCoordinator  : [Consumer clientId=consumer-avro-cg-1, groupId=avro-cg] Successfully synced group in generation Generation{generationId=15, memberId='consumer-avro-cg-1-905ed64b-fab7-4831-bddb-47bc3cb2ad45', protocol='range'}
2021-07-17 17:44:23.025  INFO 19124 --- [org.springframework.kafka.KafkaListenerEndpointContainer#0-0-C-1] o.a.k.c.c.internals.ConsumerCoordinator  : [Consumer clientId=consumer-avro-cg-1, groupId=avro-cg] Notifying assignor about the new Assignment(partitions=[sc-avro01-0])
2021-07-17 17:44:23.030  INFO 19124 --- [org.springframework.kafka.KafkaListenerEndpointContainer#0-0-C-1] o.a.k.c.c.internals.ConsumerCoordinator  : [Consumer clientId=consumer-avro-cg-1, groupId=avro-cg] Adding newly assigned partitions: sc-avro01-0
2021-07-17 17:44:23.046  INFO 19124 --- [org.springframework.kafka.KafkaListenerEndpointContainer#0-0-C-1] o.a.k.c.c.internals.ConsumerCoordinator  : [Consumer clientId=consumer-avro-cg-1, groupId=avro-cg] Setting offset for partition sc-avro01-0 to the committed offset FetchPosition{offset=5, offsetEpoch=Optional.empty, currentLeader=LeaderAndEpoch{leader=Optional[127.0.0.1:9092 (id: 1 rack: null)], epoch=0}}
2021-07-17 17:44:23.047  INFO 19124 --- [org.springframework.kafka.KafkaListenerEndpointContainer#0-0-C-1] o.s.k.l.KafkaMessageListenerContainer    : avro-cg: partitions assigned: [sc-avro01-0]
2021-07-17 17:44:32.432  INFO 19124 --- [org.springframework.kafka.KafkaListenerEndpointContainer#0-0-C-1] com.example.consumer.KafkaAvroConsumer   : Converted null
2021-07-17 17:44:32.539  INFO 19124 --- [org.springframework.kafka.KafkaListenerEndpointContainer#0-0-C-1] o.a.k.clients.consumer.KafkaConsumer     : [Consumer clientId=consumer-avro-cg-1, groupId=avro-cg] Seeking to offset 5 for partition sc-avro01-0
2021-07-17 17:44:32.545 ERROR 19124 --- [org.springframework.kafka.KafkaListenerEndpointContainer#0-0-C-1] essageListenerContainer$ListenerConsumer : Error handler threw an exception

org.springframework.kafka.KafkaException: Seek to current after exception; nested exception is org.springframework.kafka.listener.ListenerExecutionFailedException: Listener method 'public void com.example.consumer.KafkaAvroConsumer.consume(org.apache.kafka.clients.consumer.ConsumerRecord<java.lang.String, com.example.avro.consumer.data.Avro01>)' threw exception; nested exception is java.lang.NullPointerException; nested exception is java.lang.NullPointerException
	at org.springframework.kafka.listener.SeekUtils.seekOrRecover(SeekUtils.java:206) ~[spring-kafka-2.7.3.jar:2.7.3]
	at org.springframework.kafka.listener.SeekToCurrentErrorHandler.handle(SeekToCurrentErrorHandler.java:112) ~[spring-kafka-2.7.3.jar:2.7.3]
	at org.springframework.kafka.listener.KafkaMessageListenerContainer$ListenerConsumer.invokeErrorHandler(KafkaMessageListenerContainer.java:2356) ~[spring-kafka-2.7.3.jar:2.7.3]
	at org.springframework.kafka.listener.KafkaMessageListenerContainer$ListenerConsumer.doInvokeRecordListener(KafkaMessageListenerContainer.java:2225) ~[spring-kafka-2.7.3.jar:2.7.3]
	at org.springframework.kafka.listener.KafkaMessageListenerContainer$ListenerConsumer.doInvokeWithRecords(KafkaMessageListenerContainer.java:2139) ~[spring-kafka-2.7.3.jar:2.7.3]
	at org.springframework.kafka.listener.KafkaMessageListenerContainer$ListenerConsumer.invokeRecordListener(KafkaMessageListenerContainer.java:2021) ~[spring-kafka-2.7.3.jar:2.7.3]
	at org.springframework.kafka.listener.KafkaMessageListenerContainer$ListenerConsumer.invokeListener(KafkaMessageListenerContainer.java:1703) ~[spring-kafka-2.7.3.jar:2.7.3]
	at org.springframework.kafka.listener.KafkaMessageListenerContainer$ListenerConsumer.invokeIfHaveRecords(KafkaMessageListenerContainer.java:1272) ~[spring-kafka-2.7.3.jar:2.7.3]
	at org.springframework.kafka.listener.KafkaMessageListenerContainer$ListenerConsumer.pollAndInvoke(KafkaMessageListenerContainer.java:1264) ~[spring-kafka-2.7.3.jar:2.7.3]
	at org.springframework.kafka.listener.KafkaMessageListenerContainer$ListenerConsumer.run(KafkaMessageListenerContainer.java:1161) ~[spring-kafka-2.7.3.jar:2.7.3]
	at java.base/java.util.concurrent.Executors$RunnableAdapter.call(Executors.java:515) ~[na:na]
	at java.base/java.util.concurrent.FutureTask.run(FutureTask.java:264) ~[na:na]
	at java.base/java.lang.Thread.run(Thread.java:834) ~[na:na]
Caused by: org.springframework.kafka.listener.ListenerExecutionFailedException: Listener method 'public void com.example.consumer.KafkaAvroConsumer.consume(org.apache.kafka.clients.consumer.ConsumerRecord<java.lang.String, com.example.avro.consumer.data.Avro01>)' threw exception; nested exception is java.lang.NullPointerException; nested exception is java.lang.NullPointerException
	at org.springframework.kafka.listener.KafkaMessageListenerContainer$ListenerConsumer.decorateException(KafkaMessageListenerContainer.java:2368) ~[spring-kafka-2.7.3.jar:2.7.3]
	at org.springframework.kafka.listener.KafkaMessageListenerContainer$ListenerConsumer.doInvokeOnMessage(KafkaMessageListenerContainer.java:2339) ~[spring-kafka-2.7.3.jar:2.7.3]
	at org.springframework.kafka.listener.KafkaMessageListenerContainer$ListenerConsumer.invokeOnMessage(KafkaMessageListenerContainer.java:2300) ~[spring-kafka-2.7.3.jar:2.7.3]
	at org.springframework.kafka.listener.KafkaMessageListenerContainer$ListenerConsumer.doInvokeRecordListener(KafkaMessageListenerContainer.java:2214) ~[spring-kafka-2.7.3.jar:2.7.3]
	... 9 common frames omitted
Caused by: java.lang.NullPointerException: null
	at java.base/java.util.Objects.requireNonNull(Objects.java:221) ~[na:na]
	at java.base/java.util.Optional.<init>(Optional.java:107) ~[na:na]
	at java.base/java.util.Optional.of(Optional.java:120) ~[na:na]
	at com.example.consumer.KafkaAvroConsumer.consume(KafkaAvroConsumer.java:33) ~[classes/:na]
	at java.base/jdk.internal.reflect.NativeMethodAccessorImpl.invoke0(Native Method) ~[na:na]
	at java.base/jdk.internal.reflect.NativeMethodAccessorImpl.invoke(NativeMethodAccessorImpl.java:62) ~[na:na]
	at java.base/jdk.internal.reflect.DelegatingMethodAccessorImpl.invoke(DelegatingMethodAccessorImpl.java:43) ~[na:na]
	at java.base/java.lang.reflect.Method.invoke(Method.java:566) ~[na:na]
	at org.springframework.messaging.handler.invocation.InvocableHandlerMethod.doInvoke(InvocableHandlerMethod.java:171) ~[spring-messaging-5.3.8.jar:5.3.8]
	at org.springframework.messaging.handler.invocation.InvocableHandlerMethod.invoke(InvocableHandlerMethod.java:120) ~[spring-messaging-5.3.8.jar:5.3.8]
	at org.springframework.kafka.listener.adapter.HandlerAdapter.invoke(HandlerAdapter.java:56) ~[spring-kafka-2.7.3.jar:2.7.3]
	at org.springframework.kafka.listener.adapter.MessagingMessageListenerAdapter.invokeHandler(MessagingMessageListenerAdapter.java:347) ~[spring-kafka-2.7.3.jar:2.7.3]
	at org.springframework.kafka.listener.adapter.RecordMessagingMessageListenerAdapter.onMessage(RecordMessagingMessageListenerAdapter.java:92) ~[spring-kafka-2.7.3.jar:2.7.3]
	at org.springframework.kafka.listener.adapter.RecordMessagingMessageListenerAdapter.onMessage(RecordMessagingMessageListenerAdapter.java:53) ~[spring-kafka-2.7.3.jar:2.7.3]
	at org.springframework.kafka.listener.KafkaMessageListenerContainer$ListenerConsumer.doInvokeOnMessage(KafkaMessageListenerContainer.java:2319) ~[spring-kafka-2.7.3.jar:2.7.3]
	... 11 common frames omitted

2021-07-17 17:44:33.005  INFO 19124 --- [org.springframework.kafka.KafkaListenerEndpointContainer#0-0-C-1] com.example.consumer.KafkaAvroConsumer   : Converted null
2021-07-17 17:44:33.115  INFO 19124 --- [org.springframework.kafka.KafkaListenerEndpointContainer#0-0-C-1] o.a.k.clients.consumer.KafkaConsumer     : [Consumer clientId=consumer-avro-cg-1, groupId=avro-cg] Seeking to offset 5 for partition sc-avro01-0
2021-07-17 17:44:33.124 ERROR 19124 --- [org.springframework.kafka.KafkaListenerEndpointContainer#0-0-C-1] essageListenerContainer$ListenerConsumer : Error handler threw an exception

org.springframework.kafka.KafkaException: Seek to current after exception; nested exception is org.springframework.kafka.listener.ListenerExecutionFailedException: Listener method 'public void com.example.consumer.KafkaAvroConsumer.consume(org.apache.kafka.clients.consumer.ConsumerRecord<java.lang.String, com.example.avro.consumer.data.Avro01>)' threw exception; nested exception is java.lang.NullPointerException; nested exception is java.lang.NullPointerException
	at org.springframework.kafka.listener.SeekUtils.seekOrRecover(SeekUtils.java:206) ~[spring-kafka-2.7.3.jar:2.7.3]
	at org.springframework.kafka.listener.SeekToCurrentErrorHandler.handle(SeekToCurrentErrorHandler.java:112) ~[spring-kafka-2.7.3.jar:2.7.3]
	at org.springframework.kafka.listener.KafkaMessageListenerContainer$ListenerConsumer.invokeErrorHandler(KafkaMessageListenerContainer.java:2356) ~[spring-kafka-2.7.3.jar:2.7.3]
	at org.springframework.kafka.listener.KafkaMessageListenerContainer$ListenerConsumer.doInvokeRecordListener(KafkaMessageListenerContainer.java:2225) ~[spring-kafka-2.7.3.jar:2.7.3]
	at org.springframework.kafka.listener.KafkaMessageListenerContainer$ListenerConsumer.doInvokeWithRecords(KafkaMessageListenerContainer.java:2139) ~[spring-kafka-2.7.3.jar:2.7.3]
	at org.springframework.kafka.listener.KafkaMessageListenerContainer$ListenerConsumer.invokeRecordListener(KafkaMessageListenerContainer.java:2021) ~[spring-kafka-2.7.3.jar:2.7.3]
	at org.springframework.kafka.listener.KafkaMessageListenerContainer$ListenerConsumer.invokeListener(KafkaMessageListenerContainer.java:1703) ~[spring-kafka-2.7.3.jar:2.7.3]
	at org.springframework.kafka.listener.KafkaMessageListenerContainer$ListenerConsumer.invokeIfHaveRecords(KafkaMessageListenerContainer.java:1272) ~[spring-kafka-2.7.3.jar:2.7.3]
	at org.springframework.kafka.listener.KafkaMessageListenerContainer$ListenerConsumer.pollAndInvoke(KafkaMessageListenerContainer.java:1264) ~[spring-kafka-2.7.3.jar:2.7.3]
	at org.springframework.kafka.listener.KafkaMessageListenerContainer$ListenerConsumer.run(KafkaMessageListenerContainer.java:1161) ~[spring-kafka-2.7.3.jar:2.7.3]
	at java.base/java.util.concurrent.Executors$RunnableAdapter.call(Executors.java:515) ~[na:na]
	at java.base/java.util.concurrent.FutureTask.run(FutureTask.java:264) ~[na:na]
	at java.base/java.lang.Thread.run(Thread.java:834) ~[na:na]
Caused by: org.springframework.kafka.listener.ListenerExecutionFailedException: Listener method 'public void com.example.consumer.KafkaAvroConsumer.consume(org.apache.kafka.clients.consumer.ConsumerRecord<java.lang.String, com.example.avro.consumer.data.Avro01>)' threw exception; nested exception is java.lang.NullPointerException; nested exception is java.lang.NullPointerException
	at org.springframework.kafka.listener.KafkaMessageListenerContainer$ListenerConsumer.decorateException(KafkaMessageListenerContainer.java:2368) ~[spring-kafka-2.7.3.jar:2.7.3]
	at org.springframework.kafka.listener.KafkaMessageListenerContainer$ListenerConsumer.doInvokeOnMessage(KafkaMessageListenerContainer.java:2339) ~[spring-kafka-2.7.3.jar:2.7.3]
	at org.springframework.kafka.listener.KafkaMessageListenerContainer$ListenerConsumer.invokeOnMessage(KafkaMessageListenerContainer.java:2300) ~[spring-kafka-2.7.3.jar:2.7.3]
	at org.springframework.kafka.listener.KafkaMessageListenerContainer$ListenerConsumer.doInvokeRecordListener(KafkaMessageListenerContainer.java:2214) ~[spring-kafka-2.7.3.jar:2.7.3]
	... 9 common frames omitted
Caused by: java.lang.NullPointerException: null
	at java.base/java.util.Objects.requireNonNull(Objects.java:221) ~[na:na]
	at java.base/java.util.Optional.<init>(Optional.java:107) ~[na:na]
	at java.base/java.util.Optional.of(Optional.java:120) ~[na:na]
	at com.example.consumer.KafkaAvroConsumer.consume(KafkaAvroConsumer.java:33) ~[classes/:na]
	at java.base/jdk.internal.reflect.NativeMethodAccessorImpl.invoke0(Native Method) ~[na:na]
	at java.base/jdk.internal.reflect.NativeMethodAccessorImpl.invoke(NativeMethodAccessorImpl.java:62) ~[na:na]
	at java.base/jdk.internal.reflect.DelegatingMethodAccessorImpl.invoke(DelegatingMethodAccessorImpl.java:43) ~[na:na]
	at java.base/java.lang.reflect.Method.invoke(Method.java:566) ~[na:na]
	at org.springframework.messaging.handler.invocation.InvocableHandlerMethod.doInvoke(InvocableHandlerMethod.java:171) ~[spring-messaging-5.3.8.jar:5.3.8]
	at org.springframework.messaging.handler.invocation.InvocableHandlerMethod.invoke(InvocableHandlerMethod.java:120) ~[spring-messaging-5.3.8.jar:5.3.8]
	at org.springframework.kafka.listener.adapter.HandlerAdapter.invoke(HandlerAdapter.java:56) ~[spring-kafka-2.7.3.jar:2.7.3]
	at org.springframework.kafka.listener.adapter.MessagingMessageListenerAdapter.invokeHandler(MessagingMessageListenerAdapter.java:347) ~[spring-kafka-2.7.3.jar:2.7.3]
	at org.springframework.kafka.listener.adapter.RecordMessagingMessageListenerAdapter.onMessage(RecordMessagingMessageListenerAdapter.java:92) ~[spring-kafka-2.7.3.jar:2.7.3]
	at org.springframework.kafka.listener.adapter.RecordMessagingMessageListenerAdapter.onMessage(RecordMessagingMessageListenerAdapter.java:53) ~[spring-kafka-2.7.3.jar:2.7.3]
	at org.springframework.kafka.listener.KafkaMessageListenerContainer$ListenerConsumer.doInvokeOnMessage(KafkaMessageListenerContainer.java:2319) ~[spring-kafka-2.7.3.jar:2.7.3]
	... 11 common frames omitted

2021-07-17 17:44:33.612  INFO 19124 --- [org.springframework.kafka.KafkaListenerEndpointContainer#0-0-C-1] com.example.consumer.KafkaAvroConsumer   : Converted null
2021-07-17 17:44:33.723  INFO 19124 --- [org.springframework.kafka.KafkaListenerEndpointContainer#0-0-C-1] o.a.k.clients.consumer.KafkaConsumer     : [Consumer clientId=consumer-avro-cg-1, groupId=avro-cg] Seeking to offset 5 for partition sc-avro01-0
2021-07-17 17:44:33.724 ERROR 19124 --- [org.springframework.kafka.KafkaListenerEndpointContainer#0-0-C-1] essageListenerContainer$ListenerConsumer : Error handler threw an exception

org.springframework.kafka.KafkaException: Seek to current after exception; nested exception is org.springframework.kafka.listener.ListenerExecutionFailedException: Listener method 'public void com.example.consumer.KafkaAvroConsumer.consume(org.apache.kafka.clients.consumer.ConsumerRecord<java.lang.String, com.example.avro.consumer.data.Avro01>)' threw exception; nested exception is java.lang.NullPointerException; nested exception is java.lang.NullPointerException
	at org.springframework.kafka.listener.SeekUtils.seekOrRecover(SeekUtils.java:206) ~[spring-kafka-2.7.3.jar:2.7.3]
	at org.springframework.kafka.listener.SeekToCurrentErrorHandler.handle(SeekToCurrentErrorHandler.java:112) ~[spring-kafka-2.7.3.jar:2.7.3]
	at org.springframework.kafka.listener.KafkaMessageListenerContainer$ListenerConsumer.invokeErrorHandler(KafkaMessageListenerContainer.java:2356) ~[spring-kafka-2.7.3.jar:2.7.3]
	at org.springframework.kafka.listener.KafkaMessageListenerContainer$ListenerConsumer.doInvokeRecordListener(KafkaMessageListenerContainer.java:2225) ~[spring-kafka-2.7.3.jar:2.7.3]
	at org.springframework.kafka.listener.KafkaMessageListenerContainer$ListenerConsumer.doInvokeWithRecords(KafkaMessageListenerContainer.java:2139) ~[spring-kafka-2.7.3.jar:2.7.3]
	at org.springframework.kafka.listener.KafkaMessageListenerContainer$ListenerConsumer.invokeRecordListener(KafkaMessageListenerContainer.java:2021) ~[spring-kafka-2.7.3.jar:2.7.3]
	at org.springframework.kafka.listener.KafkaMessageListenerContainer$ListenerConsumer.invokeListener(KafkaMessageListenerContainer.java:1703) ~[spring-kafka-2.7.3.jar:2.7.3]
	at org.springframework.kafka.listener.KafkaMessageListenerContainer$ListenerConsumer.invokeIfHaveRecords(KafkaMessageListenerContainer.java:1272) ~[spring-kafka-2.7.3.jar:2.7.3]
	at org.springframework.kafka.listener.KafkaMessageListenerContainer$ListenerConsumer.pollAndInvoke(KafkaMessageListenerContainer.java:1264) ~[spring-kafka-2.7.3.jar:2.7.3]
	at org.springframework.kafka.listener.KafkaMessageListenerContainer$ListenerConsumer.run(KafkaMessageListenerContainer.java:1161) ~[spring-kafka-2.7.3.jar:2.7.3]
	at java.base/java.util.concurrent.Executors$RunnableAdapter.call(Executors.java:515) ~[na:na]
	at java.base/java.util.concurrent.FutureTask.run(FutureTask.java:264) ~[na:na]
	at java.base/java.lang.Thread.run(Thread.java:834) ~[na:na]
Caused by: org.springframework.kafka.listener.ListenerExecutionFailedException: Listener method 'public void com.example.consumer.KafkaAvroConsumer.consume(org.apache.kafka.clients.consumer.ConsumerRecord<java.lang.String, com.example.avro.consumer.data.Avro01>)' threw exception; nested exception is java.lang.NullPointerException; nested exception is java.lang.NullPointerException
	at org.springframework.kafka.listener.KafkaMessageListenerContainer$ListenerConsumer.decorateException(KafkaMessageListenerContainer.java:2368) ~[spring-kafka-2.7.3.jar:2.7.3]
	at org.springframework.kafka.listener.KafkaMessageListenerContainer$ListenerConsumer.doInvokeOnMessage(KafkaMessageListenerContainer.java:2339) ~[spring-kafka-2.7.3.jar:2.7.3]
	at org.springframework.kafka.listener.KafkaMessageListenerContainer$ListenerConsumer.invokeOnMessage(KafkaMessageListenerContainer.java:2300) ~[spring-kafka-2.7.3.jar:2.7.3]
	at org.springframework.kafka.listener.KafkaMessageListenerContainer$ListenerConsumer.doInvokeRecordListener(KafkaMessageListenerContainer.java:2214) ~[spring-kafka-2.7.3.jar:2.7.3]
	... 9 common frames omitted
Caused by: java.lang.NullPointerException: null
	at java.base/java.util.Objects.requireNonNull(Objects.java:221) ~[na:na]
	at java.base/java.util.Optional.<init>(Optional.java:107) ~[na:na]
	at java.base/java.util.Optional.of(Optional.java:120) ~[na:na]
	at com.example.consumer.KafkaAvroConsumer.consume(KafkaAvroConsumer.java:33) ~[classes/:na]
	at java.base/jdk.internal.reflect.NativeMethodAccessorImpl.invoke0(Native Method) ~[na:na]
	at java.base/jdk.internal.reflect.NativeMethodAccessorImpl.invoke(NativeMethodAccessorImpl.java:62) ~[na:na]
	at java.base/jdk.internal.reflect.DelegatingMethodAccessorImpl.invoke(DelegatingMethodAccessorImpl.java:43) ~[na:na]
	at java.base/java.lang.reflect.Method.invoke(Method.java:566) ~[na:na]
	at org.springframework.messaging.handler.invocation.InvocableHandlerMethod.doInvoke(InvocableHandlerMethod.java:171) ~[spring-messaging-5.3.8.jar:5.3.8]
	at org.springframework.messaging.handler.invocation.InvocableHandlerMethod.invoke(InvocableHandlerMethod.java:120) ~[spring-messaging-5.3.8.jar:5.3.8]
	at org.springframework.kafka.listener.adapter.HandlerAdapter.invoke(HandlerAdapter.java:56) ~[spring-kafka-2.7.3.jar:2.7.3]
	at org.springframework.kafka.listener.adapter.MessagingMessageListenerAdapter.invokeHandler(MessagingMessageListenerAdapter.java:347) ~[spring-kafka-2.7.3.jar:2.7.3]
	at org.springframework.kafka.listener.adapter.RecordMessagingMessageListenerAdapter.onMessage(RecordMessagingMessageListenerAdapter.java:92) ~[spring-kafka-2.7.3.jar:2.7.3]
	at org.springframework.kafka.listener.adapter.RecordMessagingMessageListenerAdapter.onMessage(RecordMessagingMessageListenerAdapter.java:53) ~[spring-kafka-2.7.3.jar:2.7.3]
	at org.springframework.kafka.listener.KafkaMessageListenerContainer$ListenerConsumer.doInvokeOnMessage(KafkaMessageListenerContainer.java:2319) ~[spring-kafka-2.7.3.jar:2.7.3]
	... 11 common frames omitted

2021-07-17 17:44:34.220  INFO 19124 --- [org.springframework.kafka.KafkaListenerEndpointContainer#0-0-C-1] com.example.consumer.KafkaAvroConsumer   : Converted null
2021-07-17 17:44:34.322  INFO 19124 --- [org.springframework.kafka.KafkaListenerEndpointContainer#0-0-C-1] o.a.k.clients.consumer.KafkaConsumer     : [Consumer clientId=consumer-avro-cg-1, groupId=avro-cg] Seeking to offset 5 for partition sc-avro01-0
2021-07-17 17:44:34.325 ERROR 19124 --- [org.springframework.kafka.KafkaListenerEndpointContainer#0-0-C-1] essageListenerContainer$ListenerConsumer : Error handler threw an exception

org.springframework.kafka.KafkaException: Seek to current after exception; nested exception is org.springframework.kafka.listener.ListenerExecutionFailedException: Listener method 'public void com.example.consumer.KafkaAvroConsumer.consume(org.apache.kafka.clients.consumer.ConsumerRecord<java.lang.String, com.example.avro.consumer.data.Avro01>)' threw exception; nested exception is java.lang.NullPointerException; nested exception is java.lang.NullPointerException
	at org.springframework.kafka.listener.SeekUtils.seekOrRecover(SeekUtils.java:206) ~[spring-kafka-2.7.3.jar:2.7.3]
	at org.springframework.kafka.listener.SeekToCurrentErrorHandler.handle(SeekToCurrentErrorHandler.java:112) ~[spring-kafka-2.7.3.jar:2.7.3]
	at org.springframework.kafka.listener.KafkaMessageListenerContainer$ListenerConsumer.invokeErrorHandler(KafkaMessageListenerContainer.java:2356) ~[spring-kafka-2.7.3.jar:2.7.3]
	at org.springframework.kafka.listener.KafkaMessageListenerContainer$ListenerConsumer.doInvokeRecordListener(KafkaMessageListenerContainer.java:2225) ~[spring-kafka-2.7.3.jar:2.7.3]
	at org.springframework.kafka.listener.KafkaMessageListenerContainer$ListenerConsumer.doInvokeWithRecords(KafkaMessageListenerContainer.java:2139) ~[spring-kafka-2.7.3.jar:2.7.3]
	at org.springframework.kafka.listener.KafkaMessageListenerContainer$ListenerConsumer.invokeRecordListener(KafkaMessageListenerContainer.java:2021) ~[spring-kafka-2.7.3.jar:2.7.3]
	at org.springframework.kafka.listener.KafkaMessageListenerContainer$ListenerConsumer.invokeListener(KafkaMessageListenerContainer.java:1703) ~[spring-kafka-2.7.3.jar:2.7.3]
	at org.springframework.kafka.listener.KafkaMessageListenerContainer$ListenerConsumer.invokeIfHaveRecords(KafkaMessageListenerContainer.java:1272) ~[spring-kafka-2.7.3.jar:2.7.3]
	at org.springframework.kafka.listener.KafkaMessageListenerContainer$ListenerConsumer.pollAndInvoke(KafkaMessageListenerContainer.java:1264) ~[spring-kafka-2.7.3.jar:2.7.3]
	at org.springframework.kafka.listener.KafkaMessageListenerContainer$ListenerConsumer.run(KafkaMessageListenerContainer.java:1161) ~[spring-kafka-2.7.3.jar:2.7.3]
	at java.base/java.util.concurrent.Executors$RunnableAdapter.call(Executors.java:515) ~[na:na]
	at java.base/java.util.concurrent.FutureTask.run(FutureTask.java:264) ~[na:na]
	at java.base/java.lang.Thread.run(Thread.java:834) ~[na:na]
Caused by: org.springframework.kafka.listener.ListenerExecutionFailedException: Listener method 'public void com.example.consumer.KafkaAvroConsumer.consume(org.apache.kafka.clients.consumer.ConsumerRecord<java.lang.String, com.example.avro.consumer.data.Avro01>)' threw exception; nested exception is java.lang.NullPointerException; nested exception is java.lang.NullPointerException
	at org.springframework.kafka.listener.KafkaMessageListenerContainer$ListenerConsumer.decorateException(KafkaMessageListenerContainer.java:2368) ~[spring-kafka-2.7.3.jar:2.7.3]
	at org.springframework.kafka.listener.KafkaMessageListenerContainer$ListenerConsumer.doInvokeOnMessage(KafkaMessageListenerContainer.java:2339) ~[spring-kafka-2.7.3.jar:2.7.3]
	at org.springframework.kafka.listener.KafkaMessageListenerContainer$ListenerConsumer.invokeOnMessage(KafkaMessageListenerContainer.java:2300) ~[spring-kafka-2.7.3.jar:2.7.3]
	at org.springframework.kafka.listener.KafkaMessageListenerContainer$ListenerConsumer.doInvokeRecordListener(KafkaMessageListenerContainer.java:2214) ~[spring-kafka-2.7.3.jar:2.7.3]
	... 9 common frames omitted
Caused by: java.lang.NullPointerException: null
	at java.base/java.util.Objects.requireNonNull(Objects.java:221) ~[na:na]
	at java.base/java.util.Optional.<init>(Optional.java:107) ~[na:na]
	at java.base/java.util.Optional.of(Optional.java:120) ~[na:na]
	at com.example.consumer.KafkaAvroConsumer.consume(KafkaAvroConsumer.java:33) ~[classes/:na]
	at java.base/jdk.internal.reflect.NativeMethodAccessorImpl.invoke0(Native Method) ~[na:na]
	at java.base/jdk.internal.reflect.NativeMethodAccessorImpl.invoke(NativeMethodAccessorImpl.java:62) ~[na:na]
	at java.base/jdk.internal.reflect.DelegatingMethodAccessorImpl.invoke(DelegatingMethodAccessorImpl.java:43) ~[na:na]
	at java.base/java.lang.reflect.Method.invoke(Method.java:566) ~[na:na]
	at org.springframework.messaging.handler.invocation.InvocableHandlerMethod.doInvoke(InvocableHandlerMethod.java:171) ~[spring-messaging-5.3.8.jar:5.3.8]
	at org.springframework.messaging.handler.invocation.InvocableHandlerMethod.invoke(InvocableHandlerMethod.java:120) ~[spring-messaging-5.3.8.jar:5.3.8]
	at org.springframework.kafka.listener.adapter.HandlerAdapter.invoke(HandlerAdapter.java:56) ~[spring-kafka-2.7.3.jar:2.7.3]
	at org.springframework.kafka.listener.adapter.MessagingMessageListenerAdapter.invokeHandler(MessagingMessageListenerAdapter.java:347) ~[spring-kafka-2.7.3.jar:2.7.3]
	at org.springframework.kafka.listener.adapter.RecordMessagingMessageListenerAdapter.onMessage(RecordMessagingMessageListenerAdapter.java:92) ~[spring-kafka-2.7.3.jar:2.7.3]
	at org.springframework.kafka.listener.adapter.RecordMessagingMessageListenerAdapter.onMessage(RecordMessagingMessageListenerAdapter.java:53) ~[spring-kafka-2.7.3.jar:2.7.3]
	at org.springframework.kafka.listener.KafkaMessageListenerContainer$ListenerConsumer.doInvokeOnMessage(KafkaMessageListenerContainer.java:2319) ~[spring-kafka-2.7.3.jar:2.7.3]
	... 11 common frames omitted

2021-07-17 17:44:34.831  INFO 19124 --- [org.springframework.kafka.KafkaListenerEndpointContainer#0-0-C-1] com.example.consumer.KafkaAvroConsumer   : Converted null
2021-07-17 17:44:34.933  INFO 19124 --- [org.springframework.kafka.KafkaListenerEndpointContainer#0-0-C-1] o.a.k.clients.consumer.KafkaConsumer     : [Consumer clientId=consumer-avro-cg-1, groupId=avro-cg] Seeking to offset 5 for partition sc-avro01-0
2021-07-17 17:44:34.935 ERROR 19124 --- [org.springframework.kafka.KafkaListenerEndpointContainer#0-0-C-1] essageListenerContainer$ListenerConsumer : Error handler threw an exception

org.springframework.kafka.KafkaException: Seek to current after exception; nested exception is org.springframework.kafka.listener.ListenerExecutionFailedException: Listener method 'public void com.example.consumer.KafkaAvroConsumer.consume(org.apache.kafka.clients.consumer.ConsumerRecord<java.lang.String, com.example.avro.consumer.data.Avro01>)' threw exception; nested exception is java.lang.NullPointerException; nested exception is java.lang.NullPointerException
	at org.springframework.kafka.listener.SeekUtils.seekOrRecover(SeekUtils.java:206) ~[spring-kafka-2.7.3.jar:2.7.3]
	at org.springframework.kafka.listener.SeekToCurrentErrorHandler.handle(SeekToCurrentErrorHandler.java:112) ~[spring-kafka-2.7.3.jar:2.7.3]
	at org.springframework.kafka.listener.KafkaMessageListenerContainer$ListenerConsumer.invokeErrorHandler(KafkaMessageListenerContainer.java:2356) ~[spring-kafka-2.7.3.jar:2.7.3]
	at org.springframework.kafka.listener.KafkaMessageListenerContainer$ListenerConsumer.doInvokeRecordListener(KafkaMessageListenerContainer.java:2225) ~[spring-kafka-2.7.3.jar:2.7.3]
	at org.springframework.kafka.listener.KafkaMessageListenerContainer$ListenerConsumer.doInvokeWithRecords(KafkaMessageListenerContainer.java:2139) ~[spring-kafka-2.7.3.jar:2.7.3]
	at org.springframework.kafka.listener.KafkaMessageListenerContainer$ListenerConsumer.invokeRecordListener(KafkaMessageListenerContainer.java:2021) ~[spring-kafka-2.7.3.jar:2.7.3]
	at org.springframework.kafka.listener.KafkaMessageListenerContainer$ListenerConsumer.invokeListener(KafkaMessageListenerContainer.java:1703) ~[spring-kafka-2.7.3.jar:2.7.3]
	at org.springframework.kafka.listener.KafkaMessageListenerContainer$ListenerConsumer.invokeIfHaveRecords(KafkaMessageListenerContainer.java:1272) ~[spring-kafka-2.7.3.jar:2.7.3]
	at org.springframework.kafka.listener.KafkaMessageListenerContainer$ListenerConsumer.pollAndInvoke(KafkaMessageListenerContainer.java:1264) ~[spring-kafka-2.7.3.jar:2.7.3]
	at org.springframework.kafka.listener.KafkaMessageListenerContainer$ListenerConsumer.run(KafkaMessageListenerContainer.java:1161) ~[spring-kafka-2.7.3.jar:2.7.3]
	at java.base/java.util.concurrent.Executors$RunnableAdapter.call(Executors.java:515) ~[na:na]
	at java.base/java.util.concurrent.FutureTask.run(FutureTask.java:264) ~[na:na]
	at java.base/java.lang.Thread.run(Thread.java:834) ~[na:na]
Caused by: org.springframework.kafka.listener.ListenerExecutionFailedException: Listener method 'public void com.example.consumer.KafkaAvroConsumer.consume(org.apache.kafka.clients.consumer.ConsumerRecord<java.lang.String, com.example.avro.consumer.data.Avro01>)' threw exception; nested exception is java.lang.NullPointerException; nested exception is java.lang.NullPointerException
	at org.springframework.kafka.listener.KafkaMessageListenerContainer$ListenerConsumer.decorateException(KafkaMessageListenerContainer.java:2368) ~[spring-kafka-2.7.3.jar:2.7.3]
	at org.springframework.kafka.listener.KafkaMessageListenerContainer$ListenerConsumer.doInvokeOnMessage(KafkaMessageListenerContainer.java:2339) ~[spring-kafka-2.7.3.jar:2.7.3]
	at org.springframework.kafka.listener.KafkaMessageListenerContainer$ListenerConsumer.invokeOnMessage(KafkaMessageListenerContainer.java:2300) ~[spring-kafka-2.7.3.jar:2.7.3]
	at org.springframework.kafka.listener.KafkaMessageListenerContainer$ListenerConsumer.doInvokeRecordListener(KafkaMessageListenerContainer.java:2214) ~[spring-kafka-2.7.3.jar:2.7.3]
	... 9 common frames omitted
Caused by: java.lang.NullPointerException: null
	at java.base/java.util.Objects.requireNonNull(Objects.java:221) ~[na:na]
	at java.base/java.util.Optional.<init>(Optional.java:107) ~[na:na]
	at java.base/java.util.Optional.of(Optional.java:120) ~[na:na]
	at com.example.consumer.KafkaAvroConsumer.consume(KafkaAvroConsumer.java:33) ~[classes/:na]
	at java.base/jdk.internal.reflect.NativeMethodAccessorImpl.invoke0(Native Method) ~[na:na]
	at java.base/jdk.internal.reflect.NativeMethodAccessorImpl.invoke(NativeMethodAccessorImpl.java:62) ~[na:na]
	at java.base/jdk.internal.reflect.DelegatingMethodAccessorImpl.invoke(DelegatingMethodAccessorImpl.java:43) ~[na:na]
	at java.base/java.lang.reflect.Method.invoke(Method.java:566) ~[na:na]
	at org.springframework.messaging.handler.invocation.InvocableHandlerMethod.doInvoke(InvocableHandlerMethod.java:171) ~[spring-messaging-5.3.8.jar:5.3.8]
	at org.springframework.messaging.handler.invocation.InvocableHandlerMethod.invoke(InvocableHandlerMethod.java:120) ~[spring-messaging-5.3.8.jar:5.3.8]
	at org.springframework.kafka.listener.adapter.HandlerAdapter.invoke(HandlerAdapter.java:56) ~[spring-kafka-2.7.3.jar:2.7.3]
	at org.springframework.kafka.listener.adapter.MessagingMessageListenerAdapter.invokeHandler(MessagingMessageListenerAdapter.java:347) ~[spring-kafka-2.7.3.jar:2.7.3]
	at org.springframework.kafka.listener.adapter.RecordMessagingMessageListenerAdapter.onMessage(RecordMessagingMessageListenerAdapter.java:92) ~[spring-kafka-2.7.3.jar:2.7.3]
	at org.springframework.kafka.listener.adapter.RecordMessagingMessageListenerAdapter.onMessage(RecordMessagingMessageListenerAdapter.java:53) ~[spring-kafka-2.7.3.jar:2.7.3]
	at org.springframework.kafka.listener.KafkaMessageListenerContainer$ListenerConsumer.doInvokeOnMessage(KafkaMessageListenerContainer.java:2319) ~[spring-kafka-2.7.3.jar:2.7.3]
	... 11 common frames omitted

2021-07-17 17:44:35.443  INFO 19124 --- [org.springframework.kafka.KafkaListenerEndpointContainer#0-0-C-1] com.example.consumer.KafkaAvroConsumer   : Converted null
2021-07-17 17:44:35.556  INFO 19124 --- [org.springframework.kafka.KafkaListenerEndpointContainer#0-0-C-1] o.a.k.clients.consumer.KafkaConsumer     : [Consumer clientId=consumer-avro-cg-1, groupId=avro-cg] Seeking to offset 5 for partition sc-avro01-0
2021-07-17 17:44:35.558 ERROR 19124 --- [org.springframework.kafka.KafkaListenerEndpointContainer#0-0-C-1] essageListenerContainer$ListenerConsumer : Error handler threw an exception

org.springframework.kafka.KafkaException: Seek to current after exception; nested exception is org.springframework.kafka.listener.ListenerExecutionFailedException: Listener method 'public void com.example.consumer.KafkaAvroConsumer.consume(org.apache.kafka.clients.consumer.ConsumerRecord<java.lang.String, com.example.avro.consumer.data.Avro01>)' threw exception; nested exception is java.lang.NullPointerException; nested exception is java.lang.NullPointerException
	at org.springframework.kafka.listener.SeekUtils.seekOrRecover(SeekUtils.java:206) ~[spring-kafka-2.7.3.jar:2.7.3]
	at org.springframework.kafka.listener.SeekToCurrentErrorHandler.handle(SeekToCurrentErrorHandler.java:112) ~[spring-kafka-2.7.3.jar:2.7.3]
	at org.springframework.kafka.listener.KafkaMessageListenerContainer$ListenerConsumer.invokeErrorHandler(KafkaMessageListenerContainer.java:2356) ~[spring-kafka-2.7.3.jar:2.7.3]
	at org.springframework.kafka.listener.KafkaMessageListenerContainer$ListenerConsumer.doInvokeRecordListener(KafkaMessageListenerContainer.java:2225) ~[spring-kafka-2.7.3.jar:2.7.3]
	at org.springframework.kafka.listener.KafkaMessageListenerContainer$ListenerConsumer.doInvokeWithRecords(KafkaMessageListenerContainer.java:2139) ~[spring-kafka-2.7.3.jar:2.7.3]
	at org.springframework.kafka.listener.KafkaMessageListenerContainer$ListenerConsumer.invokeRecordListener(KafkaMessageListenerContainer.java:2021) ~[spring-kafka-2.7.3.jar:2.7.3]
	at org.springframework.kafka.listener.KafkaMessageListenerContainer$ListenerConsumer.invokeListener(KafkaMessageListenerContainer.java:1703) ~[spring-kafka-2.7.3.jar:2.7.3]
	at org.springframework.kafka.listener.KafkaMessageListenerContainer$ListenerConsumer.invokeIfHaveRecords(KafkaMessageListenerContainer.java:1272) ~[spring-kafka-2.7.3.jar:2.7.3]
	at org.springframework.kafka.listener.KafkaMessageListenerContainer$ListenerConsumer.pollAndInvoke(KafkaMessageListenerContainer.java:1264) ~[spring-kafka-2.7.3.jar:2.7.3]
	at org.springframework.kafka.listener.KafkaMessageListenerContainer$ListenerConsumer.run(KafkaMessageListenerContainer.java:1161) ~[spring-kafka-2.7.3.jar:2.7.3]
	at java.base/java.util.concurrent.Executors$RunnableAdapter.call(Executors.java:515) ~[na:na]
	at java.base/java.util.concurrent.FutureTask.run(FutureTask.java:264) ~[na:na]
	at java.base/java.lang.Thread.run(Thread.java:834) ~[na:na]
Caused by: org.springframework.kafka.listener.ListenerExecutionFailedException: Listener method 'public void com.example.consumer.KafkaAvroConsumer.consume(org.apache.kafka.clients.consumer.ConsumerRecord<java.lang.String, com.example.avro.consumer.data.Avro01>)' threw exception; nested exception is java.lang.NullPointerException; nested exception is java.lang.NullPointerException
	at org.springframework.kafka.listener.KafkaMessageListenerContainer$ListenerConsumer.decorateException(KafkaMessageListenerContainer.java:2368) ~[spring-kafka-2.7.3.jar:2.7.3]
	at org.springframework.kafka.listener.KafkaMessageListenerContainer$ListenerConsumer.doInvokeOnMessage(KafkaMessageListenerContainer.java:2339) ~[spring-kafka-2.7.3.jar:2.7.3]
	at org.springframework.kafka.listener.KafkaMessageListenerContainer$ListenerConsumer.invokeOnMessage(KafkaMessageListenerContainer.java:2300) ~[spring-kafka-2.7.3.jar:2.7.3]
	at org.springframework.kafka.listener.KafkaMessageListenerContainer$ListenerConsumer.doInvokeRecordListener(KafkaMessageListenerContainer.java:2214) ~[spring-kafka-2.7.3.jar:2.7.3]
	... 9 common frames omitted
Caused by: java.lang.NullPointerException: null
	at java.base/java.util.Objects.requireNonNull(Objects.java:221) ~[na:na]
	at java.base/java.util.Optional.<init>(Optional.java:107) ~[na:na]
	at java.base/java.util.Optional.of(Optional.java:120) ~[na:na]
	at com.example.consumer.KafkaAvroConsumer.consume(KafkaAvroConsumer.java:33) ~[classes/:na]
	at java.base/jdk.internal.reflect.NativeMethodAccessorImpl.invoke0(Native Method) ~[na:na]
	at java.base/jdk.internal.reflect.NativeMethodAccessorImpl.invoke(NativeMethodAccessorImpl.java:62) ~[na:na]
	at java.base/jdk.internal.reflect.DelegatingMethodAccessorImpl.invoke(DelegatingMethodAccessorImpl.java:43) ~[na:na]
	at java.base/java.lang.reflect.Method.invoke(Method.java:566) ~[na:na]
	at org.springframework.messaging.handler.invocation.InvocableHandlerMethod.doInvoke(InvocableHandlerMethod.java:171) ~[spring-messaging-5.3.8.jar:5.3.8]
	at org.springframework.messaging.handler.invocation.InvocableHandlerMethod.invoke(InvocableHandlerMethod.java:120) ~[spring-messaging-5.3.8.jar:5.3.8]
	at org.springframework.kafka.listener.adapter.HandlerAdapter.invoke(HandlerAdapter.java:56) ~[spring-kafka-2.7.3.jar:2.7.3]
	at org.springframework.kafka.listener.adapter.MessagingMessageListenerAdapter.invokeHandler(MessagingMessageListenerAdapter.java:347) ~[spring-kafka-2.7.3.jar:2.7.3]
	at org.springframework.kafka.listener.adapter.RecordMessagingMessageListenerAdapter.onMessage(RecordMessagingMessageListenerAdapter.java:92) ~[spring-kafka-2.7.3.jar:2.7.3]
	at org.springframework.kafka.listener.adapter.RecordMessagingMessageListenerAdapter.onMessage(RecordMessagingMessageListenerAdapter.java:53) ~[spring-kafka-2.7.3.jar:2.7.3]
	at org.springframework.kafka.listener.KafkaMessageListenerContainer$ListenerConsumer.doInvokeOnMessage(KafkaMessageListenerContainer.java:2319) ~[spring-kafka-2.7.3.jar:2.7.3]
	... 11 common frames omitted

2021-07-17 17:44:36.049  INFO 19124 --- [org.springframework.kafka.KafkaListenerEndpointContainer#0-0-C-1] com.example.consumer.KafkaAvroConsumer   : Converted null
2021-07-17 17:44:36.162  INFO 19124 --- [org.springframework.kafka.KafkaListenerEndpointContainer#0-0-C-1] o.a.k.clients.consumer.KafkaConsumer     : [Consumer clientId=consumer-avro-cg-1, groupId=avro-cg] Seeking to offset 5 for partition sc-avro01-0
2021-07-17 17:44:36.164 ERROR 19124 --- [org.springframework.kafka.KafkaListenerEndpointContainer#0-0-C-1] essageListenerContainer$ListenerConsumer : Error handler threw an exception

org.springframework.kafka.KafkaException: Seek to current after exception; nested exception is org.springframework.kafka.listener.ListenerExecutionFailedException: Listener method 'public void com.example.consumer.KafkaAvroConsumer.consume(org.apache.kafka.clients.consumer.ConsumerRecord<java.lang.String, com.example.avro.consumer.data.Avro01>)' threw exception; nested exception is java.lang.NullPointerException; nested exception is java.lang.NullPointerException
	at org.springframework.kafka.listener.SeekUtils.seekOrRecover(SeekUtils.java:206) ~[spring-kafka-2.7.3.jar:2.7.3]
	at org.springframework.kafka.listener.SeekToCurrentErrorHandler.handle(SeekToCurrentErrorHandler.java:112) ~[spring-kafka-2.7.3.jar:2.7.3]
	at org.springframework.kafka.listener.KafkaMessageListenerContainer$ListenerConsumer.invokeErrorHandler(KafkaMessageListenerContainer.java:2356) ~[spring-kafka-2.7.3.jar:2.7.3]
	at org.springframework.kafka.listener.KafkaMessageListenerContainer$ListenerConsumer.doInvokeRecordListener(KafkaMessageListenerContainer.java:2225) ~[spring-kafka-2.7.3.jar:2.7.3]
	at org.springframework.kafka.listener.KafkaMessageListenerContainer$ListenerConsumer.doInvokeWithRecords(KafkaMessageListenerContainer.java:2139) ~[spring-kafka-2.7.3.jar:2.7.3]
	at org.springframework.kafka.listener.KafkaMessageListenerContainer$ListenerConsumer.invokeRecordListener(KafkaMessageListenerContainer.java:2021) ~[spring-kafka-2.7.3.jar:2.7.3]
	at org.springframework.kafka.listener.KafkaMessageListenerContainer$ListenerConsumer.invokeListener(KafkaMessageListenerContainer.java:1703) ~[spring-kafka-2.7.3.jar:2.7.3]
	at org.springframework.kafka.listener.KafkaMessageListenerContainer$ListenerConsumer.invokeIfHaveRecords(KafkaMessageListenerContainer.java:1272) ~[spring-kafka-2.7.3.jar:2.7.3]
	at org.springframework.kafka.listener.KafkaMessageListenerContainer$ListenerConsumer.pollAndInvoke(KafkaMessageListenerContainer.java:1264) ~[spring-kafka-2.7.3.jar:2.7.3]
	at org.springframework.kafka.listener.KafkaMessageListenerContainer$ListenerConsumer.run(KafkaMessageListenerContainer.java:1161) ~[spring-kafka-2.7.3.jar:2.7.3]
	at java.base/java.util.concurrent.Executors$RunnableAdapter.call(Executors.java:515) ~[na:na]
	at java.base/java.util.concurrent.FutureTask.run(FutureTask.java:264) ~[na:na]
	at java.base/java.lang.Thread.run(Thread.java:834) ~[na:na]
Caused by: org.springframework.kafka.listener.ListenerExecutionFailedException: Listener method 'public void com.example.consumer.KafkaAvroConsumer.consume(org.apache.kafka.clients.consumer.ConsumerRecord<java.lang.String, com.example.avro.consumer.data.Avro01>)' threw exception; nested exception is java.lang.NullPointerException; nested exception is java.lang.NullPointerException
	at org.springframework.kafka.listener.KafkaMessageListenerContainer$ListenerConsumer.decorateException(KafkaMessageListenerContainer.java:2368) ~[spring-kafka-2.7.3.jar:2.7.3]
	at org.springframework.kafka.listener.KafkaMessageListenerContainer$ListenerConsumer.doInvokeOnMessage(KafkaMessageListenerContainer.java:2339) ~[spring-kafka-2.7.3.jar:2.7.3]
	at org.springframework.kafka.listener.KafkaMessageListenerContainer$ListenerConsumer.invokeOnMessage(KafkaMessageListenerContainer.java:2300) ~[spring-kafka-2.7.3.jar:2.7.3]
	at org.springframework.kafka.listener.KafkaMessageListenerContainer$ListenerConsumer.doInvokeRecordListener(KafkaMessageListenerContainer.java:2214) ~[spring-kafka-2.7.3.jar:2.7.3]
	... 9 common frames omitted
Caused by: java.lang.NullPointerException: null
	at java.base/java.util.Objects.requireNonNull(Objects.java:221) ~[na:na]
	at java.base/java.util.Optional.<init>(Optional.java:107) ~[na:na]
	at java.base/java.util.Optional.of(Optional.java:120) ~[na:na]
	at com.example.consumer.KafkaAvroConsumer.consume(KafkaAvroConsumer.java:33) ~[classes/:na]
	at java.base/jdk.internal.reflect.NativeMethodAccessorImpl.invoke0(Native Method) ~[na:na]
	at java.base/jdk.internal.reflect.NativeMethodAccessorImpl.invoke(NativeMethodAccessorImpl.java:62) ~[na:na]
	at java.base/jdk.internal.reflect.DelegatingMethodAccessorImpl.invoke(DelegatingMethodAccessorImpl.java:43) ~[na:na]
	at java.base/java.lang.reflect.Method.invoke(Method.java:566) ~[na:na]
	at org.springframework.messaging.handler.invocation.InvocableHandlerMethod.doInvoke(InvocableHandlerMethod.java:171) ~[spring-messaging-5.3.8.jar:5.3.8]
	at org.springframework.messaging.handler.invocation.InvocableHandlerMethod.invoke(InvocableHandlerMethod.java:120) ~[spring-messaging-5.3.8.jar:5.3.8]
	at org.springframework.kafka.listener.adapter.HandlerAdapter.invoke(HandlerAdapter.java:56) ~[spring-kafka-2.7.3.jar:2.7.3]
	at org.springframework.kafka.listener.adapter.MessagingMessageListenerAdapter.invokeHandler(MessagingMessageListenerAdapter.java:347) ~[spring-kafka-2.7.3.jar:2.7.3]
	at org.springframework.kafka.listener.adapter.RecordMessagingMessageListenerAdapter.onMessage(RecordMessagingMessageListenerAdapter.java:92) ~[spring-kafka-2.7.3.jar:2.7.3]
	at org.springframework.kafka.listener.adapter.RecordMessagingMessageListenerAdapter.onMessage(RecordMessagingMessageListenerAdapter.java:53) ~[spring-kafka-2.7.3.jar:2.7.3]
	at org.springframework.kafka.listener.KafkaMessageListenerContainer$ListenerConsumer.doInvokeOnMessage(KafkaMessageListenerContainer.java:2319) ~[spring-kafka-2.7.3.jar:2.7.3]
	... 11 common frames omitted

2021-07-17 17:44:36.658  INFO 19124 --- [org.springframework.kafka.KafkaListenerEndpointContainer#0-0-C-1] com.example.consumer.KafkaAvroConsumer   : Converted null
2021-07-17 17:44:36.759  INFO 19124 --- [org.springframework.kafka.KafkaListenerEndpointContainer#0-0-C-1] o.a.k.clients.consumer.KafkaConsumer     : [Consumer clientId=consumer-avro-cg-1, groupId=avro-cg] Seeking to offset 5 for partition sc-avro01-0
2021-07-17 17:44:36.761 ERROR 19124 --- [org.springframework.kafka.KafkaListenerEndpointContainer#0-0-C-1] essageListenerContainer$ListenerConsumer : Error handler threw an exception

org.springframework.kafka.KafkaException: Seek to current after exception; nested exception is org.springframework.kafka.listener.ListenerExecutionFailedException: Listener method 'public void com.example.consumer.KafkaAvroConsumer.consume(org.apache.kafka.clients.consumer.ConsumerRecord<java.lang.String, com.example.avro.consumer.data.Avro01>)' threw exception; nested exception is java.lang.NullPointerException; nested exception is java.lang.NullPointerException
	at org.springframework.kafka.listener.SeekUtils.seekOrRecover(SeekUtils.java:206) ~[spring-kafka-2.7.3.jar:2.7.3]
	at org.springframework.kafka.listener.SeekToCurrentErrorHandler.handle(SeekToCurrentErrorHandler.java:112) ~[spring-kafka-2.7.3.jar:2.7.3]
	at org.springframework.kafka.listener.KafkaMessageListenerContainer$ListenerConsumer.invokeErrorHandler(KafkaMessageListenerContainer.java:2356) ~[spring-kafka-2.7.3.jar:2.7.3]
	at org.springframework.kafka.listener.KafkaMessageListenerContainer$ListenerConsumer.doInvokeRecordListener(KafkaMessageListenerContainer.java:2225) ~[spring-kafka-2.7.3.jar:2.7.3]
	at org.springframework.kafka.listener.KafkaMessageListenerContainer$ListenerConsumer.doInvokeWithRecords(KafkaMessageListenerContainer.java:2139) ~[spring-kafka-2.7.3.jar:2.7.3]
	at org.springframework.kafka.listener.KafkaMessageListenerContainer$ListenerConsumer.invokeRecordListener(KafkaMessageListenerContainer.java:2021) ~[spring-kafka-2.7.3.jar:2.7.3]
	at org.springframework.kafka.listener.KafkaMessageListenerContainer$ListenerConsumer.invokeListener(KafkaMessageListenerContainer.java:1703) ~[spring-kafka-2.7.3.jar:2.7.3]
	at org.springframework.kafka.listener.KafkaMessageListenerContainer$ListenerConsumer.invokeIfHaveRecords(KafkaMessageListenerContainer.java:1272) ~[spring-kafka-2.7.3.jar:2.7.3]
	at org.springframework.kafka.listener.KafkaMessageListenerContainer$ListenerConsumer.pollAndInvoke(KafkaMessageListenerContainer.java:1264) ~[spring-kafka-2.7.3.jar:2.7.3]
	at org.springframework.kafka.listener.KafkaMessageListenerContainer$ListenerConsumer.run(KafkaMessageListenerContainer.java:1161) ~[spring-kafka-2.7.3.jar:2.7.3]
	at java.base/java.util.concurrent.Executors$RunnableAdapter.call(Executors.java:515) ~[na:na]
	at java.base/java.util.concurrent.FutureTask.run(FutureTask.java:264) ~[na:na]
	at java.base/java.lang.Thread.run(Thread.java:834) ~[na:na]
Caused by: org.springframework.kafka.listener.ListenerExecutionFailedException: Listener method 'public void com.example.consumer.KafkaAvroConsumer.consume(org.apache.kafka.clients.consumer.ConsumerRecord<java.lang.String, com.example.avro.consumer.data.Avro01>)' threw exception; nested exception is java.lang.NullPointerException; nested exception is java.lang.NullPointerException
	at org.springframework.kafka.listener.KafkaMessageListenerContainer$ListenerConsumer.decorateException(KafkaMessageListenerContainer.java:2368) ~[spring-kafka-2.7.3.jar:2.7.3]
	at org.springframework.kafka.listener.KafkaMessageListenerContainer$ListenerConsumer.doInvokeOnMessage(KafkaMessageListenerContainer.java:2339) ~[spring-kafka-2.7.3.jar:2.7.3]
	at org.springframework.kafka.listener.KafkaMessageListenerContainer$ListenerConsumer.invokeOnMessage(KafkaMessageListenerContainer.java:2300) ~[spring-kafka-2.7.3.jar:2.7.3]
	at org.springframework.kafka.listener.KafkaMessageListenerContainer$ListenerConsumer.doInvokeRecordListener(KafkaMessageListenerContainer.java:2214) ~[spring-kafka-2.7.3.jar:2.7.3]
	... 9 common frames omitted
Caused by: java.lang.NullPointerException: null
	at java.base/java.util.Objects.requireNonNull(Objects.java:221) ~[na:na]
	at java.base/java.util.Optional.<init>(Optional.java:107) ~[na:na]
	at java.base/java.util.Optional.of(Optional.java:120) ~[na:na]
	at com.example.consumer.KafkaAvroConsumer.consume(KafkaAvroConsumer.java:33) ~[classes/:na]
	at java.base/jdk.internal.reflect.NativeMethodAccessorImpl.invoke0(Native Method) ~[na:na]
	at java.base/jdk.internal.reflect.NativeMethodAccessorImpl.invoke(NativeMethodAccessorImpl.java:62) ~[na:na]
	at java.base/jdk.internal.reflect.DelegatingMethodAccessorImpl.invoke(DelegatingMethodAccessorImpl.java:43) ~[na:na]
	at java.base/java.lang.reflect.Method.invoke(Method.java:566) ~[na:na]
	at org.springframework.messaging.handler.invocation.InvocableHandlerMethod.doInvoke(InvocableHandlerMethod.java:171) ~[spring-messaging-5.3.8.jar:5.3.8]
	at org.springframework.messaging.handler.invocation.InvocableHandlerMethod.invoke(InvocableHandlerMethod.java:120) ~[spring-messaging-5.3.8.jar:5.3.8]
	at org.springframework.kafka.listener.adapter.HandlerAdapter.invoke(HandlerAdapter.java:56) ~[spring-kafka-2.7.3.jar:2.7.3]
	at org.springframework.kafka.listener.adapter.MessagingMessageListenerAdapter.invokeHandler(MessagingMessageListenerAdapter.java:347) ~[spring-kafka-2.7.3.jar:2.7.3]
	at org.springframework.kafka.listener.adapter.RecordMessagingMessageListenerAdapter.onMessage(RecordMessagingMessageListenerAdapter.java:92) ~[spring-kafka-2.7.3.jar:2.7.3]
	at org.springframework.kafka.listener.adapter.RecordMessagingMessageListenerAdapter.onMessage(RecordMessagingMessageListenerAdapter.java:53) ~[spring-kafka-2.7.3.jar:2.7.3]
	at org.springframework.kafka.listener.KafkaMessageListenerContainer$ListenerConsumer.doInvokeOnMessage(KafkaMessageListenerContainer.java:2319) ~[spring-kafka-2.7.3.jar:2.7.3]
	... 11 common frames omitted

2021-07-17 17:44:37.297  INFO 19124 --- [org.springframework.kafka.KafkaListenerEndpointContainer#0-0-C-1] com.example.consumer.KafkaAvroConsumer   : Converted null
2021-07-17 17:44:37.400  INFO 19124 --- [org.springframework.kafka.KafkaListenerEndpointContainer#0-0-C-1] o.a.k.clients.consumer.KafkaConsumer     : [Consumer clientId=consumer-avro-cg-1, groupId=avro-cg] Seeking to offset 5 for partition sc-avro01-0
2021-07-17 17:44:37.405 ERROR 19124 --- [org.springframework.kafka.KafkaListenerEndpointContainer#0-0-C-1] essageListenerContainer$ListenerConsumer : Error handler threw an exception

org.springframework.kafka.KafkaException: Seek to current after exception; nested exception is org.springframework.kafka.listener.ListenerExecutionFailedException: Listener method 'public void com.example.consumer.KafkaAvroConsumer.consume(org.apache.kafka.clients.consumer.ConsumerRecord<java.lang.String, com.example.avro.consumer.data.Avro01>)' threw exception; nested exception is java.lang.NullPointerException; nested exception is java.lang.NullPointerException
	at org.springframework.kafka.listener.SeekUtils.seekOrRecover(SeekUtils.java:206) ~[spring-kafka-2.7.3.jar:2.7.3]
	at org.springframework.kafka.listener.SeekToCurrentErrorHandler.handle(SeekToCurrentErrorHandler.java:112) ~[spring-kafka-2.7.3.jar:2.7.3]
	at org.springframework.kafka.listener.KafkaMessageListenerContainer$ListenerConsumer.invokeErrorHandler(KafkaMessageListenerContainer.java:2356) ~[spring-kafka-2.7.3.jar:2.7.3]
	at org.springframework.kafka.listener.KafkaMessageListenerContainer$ListenerConsumer.doInvokeRecordListener(KafkaMessageListenerContainer.java:2225) ~[spring-kafka-2.7.3.jar:2.7.3]
	at org.springframework.kafka.listener.KafkaMessageListenerContainer$ListenerConsumer.doInvokeWithRecords(KafkaMessageListenerContainer.java:2139) ~[spring-kafka-2.7.3.jar:2.7.3]
	at org.springframework.kafka.listener.KafkaMessageListenerContainer$ListenerConsumer.invokeRecordListener(KafkaMessageListenerContainer.java:2021) ~[spring-kafka-2.7.3.jar:2.7.3]
	at org.springframework.kafka.listener.KafkaMessageListenerContainer$ListenerConsumer.invokeListener(KafkaMessageListenerContainer.java:1703) ~[spring-kafka-2.7.3.jar:2.7.3]
	at org.springframework.kafka.listener.KafkaMessageListenerContainer$ListenerConsumer.invokeIfHaveRecords(KafkaMessageListenerContainer.java:1272) ~[spring-kafka-2.7.3.jar:2.7.3]
	at org.springframework.kafka.listener.KafkaMessageListenerContainer$ListenerConsumer.pollAndInvoke(KafkaMessageListenerContainer.java:1264) ~[spring-kafka-2.7.3.jar:2.7.3]
	at org.springframework.kafka.listener.KafkaMessageListenerContainer$ListenerConsumer.run(KafkaMessageListenerContainer.java:1161) ~[spring-kafka-2.7.3.jar:2.7.3]
	at java.base/java.util.concurrent.Executors$RunnableAdapter.call(Executors.java:515) ~[na:na]
	at java.base/java.util.concurrent.FutureTask.run(FutureTask.java:264) ~[na:na]
	at java.base/java.lang.Thread.run(Thread.java:834) ~[na:na]
Caused by: org.springframework.kafka.listener.ListenerExecutionFailedException: Listener method 'public void com.example.consumer.KafkaAvroConsumer.consume(org.apache.kafka.clients.consumer.ConsumerRecord<java.lang.String, com.example.avro.consumer.data.Avro01>)' threw exception; nested exception is java.lang.NullPointerException; nested exception is java.lang.NullPointerException
	at org.springframework.kafka.listener.KafkaMessageListenerContainer$ListenerConsumer.decorateException(KafkaMessageListenerContainer.java:2368) ~[spring-kafka-2.7.3.jar:2.7.3]
	at org.springframework.kafka.listener.KafkaMessageListenerContainer$ListenerConsumer.doInvokeOnMessage(KafkaMessageListenerContainer.java:2339) ~[spring-kafka-2.7.3.jar:2.7.3]
	at org.springframework.kafka.listener.KafkaMessageListenerContainer$ListenerConsumer.invokeOnMessage(KafkaMessageListenerContainer.java:2300) ~[spring-kafka-2.7.3.jar:2.7.3]
	at org.springframework.kafka.listener.KafkaMessageListenerContainer$ListenerConsumer.doInvokeRecordListener(KafkaMessageListenerContainer.java:2214) ~[spring-kafka-2.7.3.jar:2.7.3]
	... 9 common frames omitted
Caused by: java.lang.NullPointerException: null
	at java.base/java.util.Objects.requireNonNull(Objects.java:221) ~[na:na]
	at java.base/java.util.Optional.<init>(Optional.java:107) ~[na:na]
	at java.base/java.util.Optional.of(Optional.java:120) ~[na:na]
	at com.example.consumer.KafkaAvroConsumer.consume(KafkaAvroConsumer.java:33) ~[classes/:na]
	at java.base/jdk.internal.reflect.NativeMethodAccessorImpl.invoke0(Native Method) ~[na:na]
	at java.base/jdk.internal.reflect.NativeMethodAccessorImpl.invoke(NativeMethodAccessorImpl.java:62) ~[na:na]
	at java.base/jdk.internal.reflect.DelegatingMethodAccessorImpl.invoke(DelegatingMethodAccessorImpl.java:43) ~[na:na]
	at java.base/java.lang.reflect.Method.invoke(Method.java:566) ~[na:na]
	at org.springframework.messaging.handler.invocation.InvocableHandlerMethod.doInvoke(InvocableHandlerMethod.java:171) ~[spring-messaging-5.3.8.jar:5.3.8]
	at org.springframework.messaging.handler.invocation.InvocableHandlerMethod.invoke(InvocableHandlerMethod.java:120) ~[spring-messaging-5.3.8.jar:5.3.8]
	at org.springframework.kafka.listener.adapter.HandlerAdapter.invoke(HandlerAdapter.java:56) ~[spring-kafka-2.7.3.jar:2.7.3]
	at org.springframework.kafka.listener.adapter.MessagingMessageListenerAdapter.invokeHandler(MessagingMessageListenerAdapter.java:347) ~[spring-kafka-2.7.3.jar:2.7.3]
	at org.springframework.kafka.listener.adapter.RecordMessagingMessageListenerAdapter.onMessage(RecordMessagingMessageListenerAdapter.java:92) ~[spring-kafka-2.7.3.jar:2.7.3]
	at org.springframework.kafka.listener.adapter.RecordMessagingMessageListenerAdapter.onMessage(RecordMessagingMessageListenerAdapter.java:53) ~[spring-kafka-2.7.3.jar:2.7.3]
	at org.springframework.kafka.listener.KafkaMessageListenerContainer$ListenerConsumer.doInvokeOnMessage(KafkaMessageListenerContainer.java:2319) ~[spring-kafka-2.7.3.jar:2.7.3]
	... 11 common frames omitted

